WARNING:root:not all asm.js optimizations are possible with ALLOW_MEMORY_GROWTH, disabling those. [-Walmost-asm]
WARNING:root:ignoring dynamic library libogg.so because not compiling to JS or HTML, remember to link it when compiling to JS or HTML at the end
WARNING:root:ignoring dynamic library libvorbis.so because not compiling to JS or HTML, remember to link it when compiling to JS or HTML at the end
WARNING:root:ignoring dynamic library libvorbisenc.so because not compiling to JS or HTML, remember to link it when compiling to JS or HTML at the end
WARNING:root:ignoring dynamic library libvorbisfile.so because not compiling to JS or HTML, remember to link it when compiling to JS or HTML at the end
WARNING:root:ignoring dynamic library libBullet3Collision.so because not compiling to JS or HTML, remember to link it when compiling to JS or HTML at the end
WARNING:root:ignoring dynamic library libBullet3Common.so because not compiling to JS or HTML, remember to link it when compiling to JS or HTML at the end
WARNING:root:ignoring dynamic library libBullet3Dynamics.so because not compiling to JS or HTML, remember to link it when compiling to JS or HTML at the end
WARNING:root:ignoring dynamic library libBullet3Geometry.so because not compiling to JS or HTML, remember to link it when compiling to JS or HTML at the end
WARNING:root:ignoring dynamic library libBullet3OpenCL_clew.so because not compiling to JS or HTML, remember to link it when compiling to JS or HTML at the end
WARNING:root:ignoring dynamic library libBulletCollision.so because not compiling to JS or HTML, remember to link it when compiling to JS or HTML at the end
WARNING:root:ignoring dynamic library libBulletDynamics.so because not compiling to JS or HTML, remember to link it when compiling to JS or HTML at the end
WARNING:root:ignoring dynamic library libBulletFileLoader.so because not compiling to JS or HTML, remember to link it when compiling to JS or HTML at the end
WARNING:root:ignoring dynamic library libBulletInverseDynamics.so because not compiling to JS or HTML, remember to link it when compiling to JS or HTML at the end
WARNING:root:ignoring dynamic library libBulletInverseDynamicsUtils.so because not compiling to JS or HTML, remember to link it when compiling to JS or HTML at the end
WARNING:root:ignoring dynamic library libBulletSoftBody.so because not compiling to JS or HTML, remember to link it when compiling to JS or HTML at the end
WARNING:root:ignoring dynamic library libBulletWorldImporter.so because not compiling to JS or HTML, remember to link it when compiling to JS or HTML at the end
WARNING:root:ignoring dynamic library libBulletXmlWorldImporter.so because not compiling to JS or HTML, remember to link it when compiling to JS or HTML at the end
WARNING:root:ignoring dynamic library libConvexDecomposition.so because not compiling to JS or HTML, remember to link it when compiling to JS or HTML at the end
WARNING:root:ignoring dynamic library libGIMPACTUtils.so because not compiling to JS or HTML, remember to link it when compiling to JS or HTML at the end
WARNING:root:ignoring dynamic library libHACD.so because not compiling to JS or HTML, remember to link it when compiling to JS or HTML at the end
WARNING:root:ignoring dynamic library libLinearMath.so because not compiling to JS or HTML, remember to link it when compiling to JS or HTML at the end
WARNING:root:ignoring dynamic library libimgui.so because not compiling to JS or HTML, remember to link it when compiling to JS or HTML at the end
WARNING:root:ignoring dynamic library libjsoncpp.so because not compiling to JS or HTML, remember to link it when compiling to JS or HTML at the end
WARNING:root:ignoring dynamic library libnanovg.so because not compiling to JS or HTML, remember to link it when compiling to JS or HTML at the end
WARNING:root:ignoring dynamic library libstb.so because not compiling to JS or HTML, remember to link it when compiling to JS or HTML at the end
WARNING:root:ignoring dynamic library libuSynergy.so because not compiling to JS or HTML, remember to link it when compiling to JS or HTML at the end
WARNING:root:not all asm.js optimizations are possible with ALLOW_MEMORY_GROWTH, disabling those. [-Walmost-asm]
WARNING:root:Dynamic libraries (.so, .dylib, .dll) are currently not supported by Emscripten. For build system emulation purposes, Emscripten will now generate a static library file (.bc) with the suffix '.so'. For best practices, please adapt your build system to directly generate a static LLVM bitcode library by setting the output suffix to '.bc.')
