/home/jamesfolk/Downloads/Engine/src/njli/Thread.cpp: In function ‘void* njli::call_func(void*)’:
/home/jamesfolk/Downloads/Engine/src/njli/Thread.cpp:251:14: warning: ‘template<class> class std::auto_ptr’ is deprecated [-Wdeprecated-declarations]
         std::auto_ptr< wrap > w( static_cast< wrap* >( f ) );
              ^
In file included from /usr/include/c++/5/memory:81:0,
                 from /usr/include/c++/5/thread:40,
                 from /home/jamesfolk/Downloads/Engine/src/njli/graphics/WorldDebugDrawer.h:18,
                 from /home/jamesfolk/Downloads/Engine/src/njli/World.h:23,
                 from /home/jamesfolk/Downloads/Engine/src/njli/Thread.cpp:13:
/usr/include/c++/5/bits/unique_ptr.h:49:28: note: declared here
   template<typename> class auto_ptr;
                            ^
/home/jamesfolk/Downloads/Engine/src/njli/World.cpp: In member function ‘void njli::World::processMessage(const string&, std::__cxx11::string)’:
/home/jamesfolk/Downloads/Engine/src/njli/World.cpp:1233:155: warning: format ‘%u’ expects argument of type ‘unsigned int’, but argument 5 has type ‘std::__cxx11::basic_string<char>::size_type {aka long unsigned int}’ [-Wformat=]
                             SDL_LogVerbose(SDL_LOG_CATEGORY_TEST, "Couldn't write file %s - (%d bytes of %u)", filePath.c_str(), numwrote, source.length());
                                                                                                                                                           ^
/home/jamesfolk/Downloads/Engine/src/njli/sound/openal/Wrapper_WAV.cpp: In constructor ‘njli::WrapperWav::WrapperWav(int)’:
/home/jamesfolk/Downloads/Engine/src/njli/sound/openal/Wrapper_WAV.cpp:27:66: warning: unknown conversion type character ‘W’ in format [-Wformat=]
    SDL_Log("this->minProcesssLengthAtOnce % WAV_BUFFER_SIZE != 0");
                                                                  ^
/home/jamesfolk/Downloads/Engine/src/njli/sound/openal/Wrapper_OGG.cpp: In constructor ‘njli::WrapperOgg::WrapperOgg(int)’:
/home/jamesfolk/Downloads/Engine/src/njli/sound/openal/Wrapper_OGG.cpp:97:68: warning: unknown conversion type character ‘O’ in format [-Wformat=]
    SDL_Log("this->minDecompressLengthAtOnce % OGG_BUFFER_SIZE != 0");
                                                                    ^
/home/jamesfolk/Downloads/Engine/src/njli/sound/openal/Wrapper_OGG.cpp: In member function ‘virtual void njli::WrapperOgg::DecompressAll(std::vector<char>&)’:
/home/jamesfolk/Downloads/Engine/src/njli/sound/openal/Wrapper_OGG.cpp:257:59: warning: format ‘%i’ expects argument of type ‘int’, but argument 2 has type ‘long int’ [-Wformat=]
    SDL_Log("OGG stream ov_read error - returned %i", bytes);
                                                           ^
/home/jamesfolk/Downloads/Engine/src/njli/sound/openal/Wrapper_OGG.cpp: In member function ‘virtual void njli::WrapperOgg::DecompressStream(std::vector<char>&, bool)’:
/home/jamesfolk/Downloads/Engine/src/njli/sound/openal/Wrapper_OGG.cpp:294:72: warning: format ‘%i’ expects argument of type ‘int’, but argument 2 has type ‘long int’ [-Wformat=]
                 SDL_Log("OGG stream ov_read error - returned %i", bytes);
                                                                        ^
/home/jamesfolk/Downloads/Engine/src/njli/Thread.cpp: In function ‘void* njli::call_func(void*)’:
/home/jamesfolk/Downloads/Engine/src/njli/Thread.cpp:251:14: warning: ‘template<class> class std::auto_ptr’ is deprecated [-Wdeprecated-declarations]
         std::auto_ptr< wrap > w( static_cast< wrap* >( f ) );
              ^
In file included from /usr/include/c++/5/memory:81:0,
                 from /usr/include/c++/5/thread:40,
                 from /home/jamesfolk/Downloads/Engine/src/njli/graphics/WorldDebugDrawer.h:18,
                 from /home/jamesfolk/Downloads/Engine/src/njli/World.h:23,
                 from /home/jamesfolk/Downloads/Engine/src/njli/Thread.cpp:13:
/usr/include/c++/5/bits/unique_ptr.h:49:28: note: declared here
   template<typename> class auto_ptr;
                            ^
/home/jamesfolk/Downloads/Engine/src/njli/World.cpp: In member function ‘void njli::World::processMessage(const string&, std::__cxx11::string)’:
/home/jamesfolk/Downloads/Engine/src/njli/World.cpp:1233:155: warning: format ‘%u’ expects argument of type ‘unsigned int’, but argument 5 has type ‘std::__cxx11::basic_string<char>::size_type {aka long unsigned int}’ [-Wformat=]
                             SDL_LogVerbose(SDL_LOG_CATEGORY_TEST, "Couldn't write file %s - (%d bytes of %u)", filePath.c_str(), numwrote, source.length());
                                                                                                                                                           ^
/home/jamesfolk/Downloads/Engine/src/njli/sound/openal/Wrapper_WAV.cpp: In constructor ‘njli::WrapperWav::WrapperWav(int)’:
/home/jamesfolk/Downloads/Engine/src/njli/sound/openal/Wrapper_WAV.cpp:27:66: warning: unknown conversion type character ‘W’ in format [-Wformat=]
    SDL_Log("this->minProcesssLengthAtOnce % WAV_BUFFER_SIZE != 0");
                                                                  ^
/home/jamesfolk/Downloads/Engine/src/njli/sound/openal/Wrapper_OGG.cpp: In constructor ‘njli::WrapperOgg::WrapperOgg(int)’:
/home/jamesfolk/Downloads/Engine/src/njli/sound/openal/Wrapper_OGG.cpp:97:68: warning: unknown conversion type character ‘O’ in format [-Wformat=]
    SDL_Log("this->minDecompressLengthAtOnce % OGG_BUFFER_SIZE != 0");
                                                                    ^
/home/jamesfolk/Downloads/Engine/src/njli/sound/openal/Wrapper_OGG.cpp: In member function ‘virtual void njli::WrapperOgg::DecompressAll(std::vector<char>&)’:
/home/jamesfolk/Downloads/Engine/src/njli/sound/openal/Wrapper_OGG.cpp:257:59: warning: format ‘%i’ expects argument of type ‘int’, but argument 2 has type ‘long int’ [-Wformat=]
    SDL_Log("OGG stream ov_read error - returned %i", bytes);
                                                           ^
/home/jamesfolk/Downloads/Engine/src/njli/sound/openal/Wrapper_OGG.cpp: In member function ‘virtual void njli::WrapperOgg::DecompressStream(std::vector<char>&, bool)’:
/home/jamesfolk/Downloads/Engine/src/njli/sound/openal/Wrapper_OGG.cpp:294:72: warning: format ‘%i’ expects argument of type ‘int’, but argument 2 has type ‘long int’ [-Wformat=]
                 SDL_Log("OGG stream ov_read error - returned %i", bytes);
                                                                        ^
/usr/bin/ld: ../../../External/thirdparty/SDL2/lib/linux/16.04.2_LTS/Release/libSDL2.a(SDL_dynapi.o): relocation R_X86_64_32S against `.data' can not be used when making a shared object; recompile with -fPIC
../../../External/thirdparty/SDL2/lib/linux/16.04.2_LTS/Release/libSDL2.a: error adding symbols: Bad value
collect2: error: ld returned 1 exit status
make[2]: *** [libnjli.so.1.0.0] Error 1
make[1]: *** [CMakeFiles/libnjli_shared.dir/all] Error 2
make: *** [all] Error 2
